<?xml version="1.0" encoding="utf-8"?><testsuites name="pytest tests"><testsuite name="pytest" errors="0" failures="0" skipped="0" tests="11" time="23.560" timestamp="2026-05-01T10:26:14.475996+00:00" hostname="agent-env-63b3d536-6cb3-4cd2-86a9-e9b64990b1b1"><testcase classname="backend.tests.test_ai_assistant.TestAIAuth" name="test_chat_requires_auth" time="0.147" /><testcase classname="backend.tests.test_ai_assistant.TestAIAuth" name="test_summary_requires_auth" time="0.109" /><testcase classname="backend.tests.test_ai_assistant.TestAIAuth" name="test_sessions_requires_auth" time="0.104" /><testcase classname="backend.tests.test_ai_assistant.TestAIChat" name="test_chat_empty_message_400" time="0.360" /><testcase classname="backend.tests.test_ai_assistant.TestAIChat" name="test_chat_tables_question" time="1.266" /><testcase classname="backend.tests.test_ai_assistant.TestAIChat" name="test_chat_session_memory" time="1.293" /><testcase classname="backend.tests.test_ai_assistant.TestAIChat" name="test_chat_context_reflects_live_data" time="2.335" /><testcase classname="backend.tests.test_ai_assistant.TestAISummary" name="test_summary_structure" time="7.728" /><testcase classname="backend.tests.test_ai_assistant.TestAISessions" name="test_sessions_list" time="2.591" /><testcase classname="backend.tests.test_ai_assistant.TestAISessions" name="test_session_messages_order" time="4.135" /><testcase classname="backend.tests.test_ai_assistant.TestAISessions" name="test_delete_session_scopes_to_user" time="3.429" /></testsuite></testsuites>