<?xml version="1.0" encoding="utf-8"?><testsuites name="pytest tests"><testsuite name="pytest" errors="0" failures="0" skipped="0" tests="26" time="4.965" timestamp="2026-05-01T10:14:22.131197+00:00" hostname="agent-env-63b3d536-6cb3-4cd2-86a9-e9b64990b1b1"><testcase classname="backend.tests.backend_test.TestAuth" name="test_health" time="0.322" /><testcase classname="backend.tests.backend_test.TestAuth" name="test_login_bad" time="0.332" /><testcase classname="backend.tests.backend_test.TestAuth" name="test_login_all_roles" time="0.810" /><testcase classname="backend.tests.backend_test.TestAuth" name="test_me" time="0.320" /><testcase classname="backend.tests.backend_test.TestAuth" name="test_me_no_token" time="0.105" /><testcase classname="backend.tests.backend_test.TestBaseData" name="test_categories_requires_auth" time="0.134" /><testcase classname="backend.tests.backend_test.TestBaseData" name="test_categories" time="0.047" /><testcase classname="backend.tests.backend_test.TestBaseData" name="test_menu_items" time="0.047" /><testcase classname="backend.tests.backend_test.TestBaseData" name="test_tables" time="0.050" /><testcase classname="backend.tests.backend_test.TestMenuRBAC" name="test_admin_create_item" time="0.162" /><testcase classname="backend.tests.backend_test.TestMenuRBAC" name="test_waiter_create_item_forbidden" time="0.366" /><testcase classname="backend.tests.backend_test.TestOrderFlow" name="test_dine_in_flow" time="0.486" /><testcase classname="backend.tests.backend_test.TestOrderFlow" name="test_status_cancelled_frees_table" time="0.244" /><testcase classname="backend.tests.backend_test.TestOrderFlow" name="test_order_invalid_status" time="0.048" /><testcase classname="backend.tests.backend_test.TestAggregator" name="test_simulate_swiggy" time="0.051" /><testcase classname="backend.tests.backend_test.TestAggregator" name="test_simulate_zomato" time="0.049" /><testcase classname="backend.tests.backend_test.TestAggregator" name="test_webhook_swiggy_and_idempotent" time="0.137" /><testcase classname="backend.tests.backend_test.TestAggregator" name="test_webhook_invalid_source" time="0.045" /><testcase classname="backend.tests.backend_test.TestSync" name="test_sync_multiple_with_dedup" time="0.139" /><testcase classname="backend.tests.backend_test.TestReports" name="test_sales_report" time="0.051" /><testcase classname="backend.tests.backend_test.TestUsers" name="test_list_users_admin" time="0.047" /><testcase classname="backend.tests.backend_test.TestUsers" name="test_list_users_waiter_403" time="0.049" /><testcase classname="backend.tests.backend_test.TestUsers" name="test_create_and_cannot_delete_self" time="0.420" /><testcase classname="backend.tests.backend_test.TestSettings" name="test_get_settings" time="0.046" /><testcase classname="backend.tests.backend_test.TestSettings" name="test_update_settings" time="0.144" /><testcase classname="backend.tests.backend_test.TestSettings" name="test_update_settings_waiter_403" time="0.046" /></testsuite></testsuites>